<?xml version="1.0" encoding="UTF-8"?>
<!-- Generated by org.testng.reporters.JUnitXMLReporter -->
<testsuite hostname="MJ" ignored="0" name="Test" tests="4" failures="0" timestamp="22 Oct 2017 05:46:17 GMT" time="64.41" errors="0">
  <testcase name="capitalgroup" time="39.764" classname="TestNGPackage.NewTest"/>
  <testcase name="capitalgroup" time="42.322" classname="TestNGPackage.NewTest1"/>
  <testcase name="verifyHomepageTitle" time="12.121" classname="TestNGPackage.NewTest"/>
  <testcase name="verifyHomepageTitle" time="11.008" classname="TestNGPackage.NewTest1"/>
</testsuite> <!-- Test -->
