<?xml version="1.0" encoding="UTF-8"?>
<!-- Generated by org.testng.reporters.JUnitXMLReporter -->
<testsuite hostname="MJ" ignored="0" name="Test" tests="4" failures="0" timestamp="24 Oct 2017 01:51:03 GMT" time="0.134" errors="0">
  <testcase name="@BeforeTest startbrowser" time="0.104" classname="TestNGPackage.NewTest">
    <failure type="java.lang.NoSuchMethodError" message="com.google.common.base.Preconditions.checkState(ZLjava/lang/String;Ljava/lang/Object;Ljava/lang/Object;Ljava/lang/Object;)V">
      <![CDATA[java.lang.NoSuchMethodError: com.google.common.base.Preconditions.checkState(ZLjava/lang/String;Ljava/lang/Object;Ljava/lang/Object;Ljava/lang/Object;)V
	at org.openqa.selenium.remote.service.DriverService.findExecutable(DriverService.java:124)
	at org.openqa.selenium.chrome.ChromeDriverService.access$000(ChromeDriverService.java:32)
	at org.openqa.selenium.chrome.ChromeDriverService$Builder.findDefaultExecutable(ChromeDriverService.java:137)
	at org.openqa.selenium.remote.service.DriverService$Builder.build(DriverService.java:329)
	at org.openqa.selenium.chrome.ChromeDriverService.createDefaultService(ChromeDriverService.java:88)
	at org.openqa.selenium.chrome.ChromeDriver.<init>(ChromeDriver.java:123)
	at TestNGPackage.NewTest.startbrowser(NewTest.java:24)
... Removed 22 stack frames]]>
    </failure>
  </testcase> <!-- @BeforeTest startbrowser -->
  <testcase name="@BeforeTest startbrowser" time="0.0" classname="TestNGPackage.NewTest1">
    <skipped/>
  </testcase> <!-- @BeforeTest startbrowser -->
  <testcase name="@AfterTest Closebrowser" time="0.0" classname="TestNGPackage.NewTest">
    <skipped/>
  </testcase> <!-- @AfterTest Closebrowser -->
  <testcase name="@AfterTest Closebrowser" time="0.0" classname="TestNGPackage.NewTest1">
    <skipped/>
  </testcase> <!-- @AfterTest Closebrowser -->
  <testcase name="verifyHomepageTitle" time="0.001" classname="TestNGPackage.NewTest">
    <skipped/>
  </testcase> <!-- verifyHomepageTitle -->
  <testcase name="verifyHomepageTitle" time="0.0" classname="TestNGPackage.NewTest1">
    <skipped/>
  </testcase> <!-- verifyHomepageTitle -->
  <testcase name="capitalgroup" time="0.0" classname="TestNGPackage.NewTest">
    <skipped/>
  </testcase> <!-- capitalgroup -->
  <testcase name="capitalgroup" time="0.0" classname="TestNGPackage.NewTest1">
    <skipped/>
  </testcase> <!-- capitalgroup -->
</testsuite> <!-- Test -->
